<?xml version="1.0" encoding="UTF-8"?>
<coverage generated="1729155797692" clover="3.2.0">
  <project timestamp="1729155797692" name="All files">
    <metrics statements="79" coveredstatements="64" conditionals="22" coveredconditionals="14" methods="5" coveredmethods="5" elements="106" coveredelements="83" complexity="0" loc="79" ncloc="79" packages="1" files="1" classes="1"/>
    <file name="useAudioRecording.ts" path="C:\changi-new\CHANGI_FRONTEND\hooks\useAudioRecording.ts">
      <metrics statements="79" coveredstatements="64" conditionals="22" coveredconditionals="14" methods="5" coveredmethods="5"/>
      <line num="15" count="1" type="stmt"/>
      <line num="17" count="33" type="stmt"/>
      <line num="18" count="33" type="stmt"/>
      <line num="19" count="33" type="stmt"/>
      <line num="20" count="33" type="stmt"/>
      <line num="21" count="33" type="stmt"/>
      <line num="22" count="33" type="stmt"/>
      <line num="23" count="33" type="stmt"/>
      <line num="24" count="33" type="stmt"/>
      <line num="25" count="33" type="stmt"/>
      <line num="26" count="33" type="stmt"/>
      <line num="27" count="33" type="stmt"/>
      <line num="28" count="33" type="stmt"/>
      <line num="29" count="33" type="stmt"/>
      <line num="35" count="33" type="stmt"/>
      <line num="36" count="4" type="stmt"/>
      <line num="38" count="4" type="cond" truecount="1" falsecount="1"/>
      <line num="39" count="0" type="stmt"/>
      <line num="40" count="0" type="stmt"/>
      <line num="42" count="4" type="stmt"/>
      <line num="44" count="4" type="stmt"/>
      <line num="45" count="4" type="stmt"/>
      <line num="46" count="4" type="stmt"/>
      <line num="48" count="0" type="stmt"/>
      <line num="49" count="0" type="stmt"/>
      <line num="57" count="33" type="stmt"/>
      <line num="58" count="3" type="stmt"/>
      <line num="59" count="3" type="cond" truecount="1" falsecount="1"/>
      <line num="60" count="3" type="stmt"/>
      <line num="61" count="3" type="stmt"/>
      <line num="63" count="3" type="cond" truecount="1" falsecount="1"/>
      <line num="64" count="3" type="stmt"/>
      <line num="65" count="3" type="stmt"/>
      <line num="67" count="0" type="stmt"/>
      <line num="68" count="0" type="stmt"/>
      <line num="70" count="3" type="stmt"/>
      <line num="78" count="33" type="stmt"/>
      <line num="79" count="3" type="stmt"/>
      <line num="81" count="3" type="stmt"/>
      <line num="88" count="3" type="stmt"/>
      <line num="89" count="3" type="stmt"/>
      <line num="91" count="3" type="stmt"/>
      <line num="93" count="3" type="stmt"/>
      <line num="95" count="3" type="cond" truecount="2" falsecount="0"/>
      <line num="101" count="3" type="stmt"/>
      <line num="102" count="3" type="stmt"/>
      <line num="104" count="0" type="stmt"/>
      <line num="105" count="0" type="stmt"/>
      <line num="107" count="3" type="stmt"/>
      <line num="115" count="33" type="stmt"/>
      <line num="116" count="3" type="stmt"/>
      <line num="118" count="3" type="stmt"/>
      <line num="119" count="3" type="stmt"/>
      <line num="132" count="2" type="stmt"/>
      <line num="135" count="2" type="cond" truecount="1" falsecount="1"/>
      <line num="136" count="2" type="cond" truecount="3" falsecount="1"/>
      <line num="137" count="2" type="stmt"/>
      <line num="138" count="2" type="stmt"/>
      <line num="140" count="2" type="stmt"/>
      <line num="141" count="2" type="stmt"/>
      <line num="143" count="2" type="stmt"/>
      <line num="144" count="2" type="stmt"/>
      <line num="145" count="2" type="stmt"/>
      <line num="147" count="2" type="cond" truecount="1" falsecount="1"/>
      <line num="148" count="0" type="stmt"/>
      <line num="150" count="2" type="stmt"/>
      <line num="153" count="2" type="cond" truecount="1" falsecount="1"/>
      <line num="154" count="0" type="stmt"/>
      <line num="156" count="2" type="stmt"/>
      <line num="160" count="2" type="stmt"/>
      <line num="162" count="0" type="stmt"/>
      <line num="163" count="0" type="stmt"/>
      <line num="166" count="0" type="stmt"/>
      <line num="167" count="0" type="stmt"/>
      <line num="171" count="2" type="cond" truecount="1" falsecount="1"/>
      <line num="172" count="0" type="stmt"/>
      <line num="176" count="1" type="stmt"/>
      <line num="177" count="1" type="stmt"/>
      <line num="192" count="33" type="stmt"/>
    </file>
  </project>
</coverage>
