{"C:\\changi-new\\CHANGI_FRONTEND\\hooks\\useAudioRecording.ts": {"path":"C:\\changi-new\\CHANGI_FRONTEND\\hooks\\useAudioRecording.ts","statementMap":{"0":{"start":{"line":15,"column":26},"end":{"line":206,"column":1}},"1":{"start":{"line":17,"column":38},"end":{"line":17,"column":86}},"2":{"start":{"line":18,"column":52},"end":{"line":18,"column":74}},"3":{"start":{"line":19,"column":50},"end":{"line":19,"column":77}},"4":{"start":{"line":20,"column":38},"end":{"line":20,"column":62}},"5":{"start":{"line":21,"column":38},"end":{"line":21,"column":62}},"6":{"start":{"line":22,"column":62},"end":{"line":22,"column":81}},"7":{"start":{"line":23,"column":40},"end":{"line":23,"column":59}},"8":{"start":{"line":24,"column":28},"end":{"line":24,"column":48}},"9":{"start":{"line":25,"column":24},"end":{"line":25,"column":44}},"10":{"start":{"line":26,"column":44},"end":{"line":26,"column":110}},"11":{"start":{"line":27,"column":52},"end":{"line":27,"column":72}},"12":{"start":{"line":28,"column":62},"end":{"line":28,"column":82}},"13":{"start":{"line":29,"column":19},"end":{"line":29,"column":27}},"14":{"start":{"line":35,"column":27},"end":{"line":51,"column":5}},"15":{"start":{"line":36,"column":8},"end":{"line":50,"column":9}},"16":{"start":{"line":38,"column":12},"end":{"line":41,"column":13}},"17":{"start":{"line":39,"column":16},"end":{"line":39,"column":55}},"18":{"start":{"line":40,"column":16},"end":{"line":40,"column":42}},"19":{"start":{"line":42,"column":12},"end":{"line":42,"column":48}},"20":{"start":{"line":44,"column":34},"end":{"line":44,"column":111}},"21":{"start":{"line":45,"column":12},"end":{"line":45,"column":36}},"22":{"start":{"line":46,"column":12},"end":{"line":46,"column":45}},"23":{"start":{"line":48,"column":12},"end":{"line":48,"column":32}},"24":{"start":{"line":49,"column":12},"end":{"line":49,"column":67}},"25":{"start":{"line":57,"column":26},"end":{"line":72,"column":5}},"26":{"start":{"line":58,"column":8},"end":{"line":58,"column":44}},"27":{"start":{"line":59,"column":8},"end":{"line":71,"column":9}},"28":{"start":{"line":60,"column":12},"end":{"line":60,"column":49}},"29":{"start":{"line":61,"column":24},"end":{"line":61,"column":42}},"30":{"start":{"line":63,"column":12},"end":{"line":69,"column":13}},"31":{"start":{"line":64,"column":16},"end":{"line":64,"column":50}},"32":{"start":{"line":65,"column":16},"end":{"line":65,"column":39}},"33":{"start":{"line":67,"column":16},"end":{"line":67,"column":66}},"34":{"start":{"line":68,"column":16},"end":{"line":68,"column":71}},"35":{"start":{"line":70,"column":12},"end":{"line":70,"column":36}},"36":{"start":{"line":78,"column":24},"end":{"line":109,"column":5}},"37":{"start":{"line":79,"column":25},"end":{"line":79,"column":39}},"38":{"start":{"line":81,"column":8},"end":{"line":85,"column":18}},"39":{"start":{"line":88,"column":8},"end":{"line":88,"column":60}},"40":{"start":{"line":89,"column":8},"end":{"line":89,"column":66}},"41":{"start":{"line":91,"column":8},"end":{"line":91,"column":27}},"42":{"start":{"line":93,"column":8},"end":{"line":108,"column":9}},"43":{"start":{"line":95,"column":29},"end":{"line":100,"column":14}},"44":{"start":{"line":101,"column":12},"end":{"line":101,"column":94}},"45":{"start":{"line":102,"column":12},"end":{"line":102,"column":74}},"46":{"start":{"line":104,"column":12},"end":{"line":104,"column":32}},"47":{"start":{"line":105,"column":12},"end":{"line":105,"column":67}},"48":{"start":{"line":107,"column":12},"end":{"line":107,"column":32}},"49":{"start":{"line":115,"column":32},"end":{"line":179,"column":5}},"50":{"start":{"line":116,"column":8},"end":{"line":116,"column":60}},"51":{"start":{"line":118,"column":8},"end":{"line":178,"column":9}},"52":{"start":{"line":119,"column":29},"end":{"line":131,"column":13}},"53":{"start":{"line":132,"column":12},"end":{"line":132,"column":70}},"54":{"start":{"line":135,"column":12},"end":{"line":168,"column":13}},"55":{"start":{"line":136,"column":16},"end":{"line":164,"column":17}},"56":{"start":{"line":137,"column":46},"end":{"line":137,"column":93}},"57":{"start":{"line":138,"column":20},"end":{"line":138,"column":74}},"58":{"start":{"line":140,"column":20},"end":{"line":140,"column":62}},"59":{"start":{"line":141,"column":20},"end":{"line":141,"column":64}},"60":{"start":{"line":143,"column":20},"end":{"line":143,"column":52}},"61":{"start":{"line":144,"column":20},"end":{"line":144,"column":48}},"62":{"start":{"line":145,"column":20},"end":{"line":145,"column":68}},"63":{"start":{"line":147,"column":20},"end":{"line":151,"column":21}},"64":{"start":{"line":148,"column":22},"end":{"line":148,"column":98}},"65":{"start":{"line":150,"column":22},"end":{"line":150,"column":46}},"66":{"start":{"line":153,"column":20},"end":{"line":157,"column":21}},"67":{"start":{"line":154,"column":22},"end":{"line":154,"column":95}},"68":{"start":{"line":156,"column":22},"end":{"line":156,"column":51}},"69":{"start":{"line":160,"column":20},"end":{"line":160,"column":45}},"70":{"start":{"line":162,"column":20},"end":{"line":162,"column":58}},"71":{"start":{"line":163,"column":20},"end":{"line":163,"column":62}},"72":{"start":{"line":166,"column":16},"end":{"line":166,"column":54}},"73":{"start":{"line":167,"column":16},"end":{"line":167,"column":58}},"74":{"start":{"line":171,"column":12},"end":{"line":173,"column":13}},"75":{"start":{"line":172,"column":14},"end":{"line":172,"column":165}},"76":{"start":{"line":176,"column":12},"end":{"line":176,"column":32}},"77":{"start":{"line":177,"column":12},"end":{"line":177,"column":75}},"78":{"start":{"line":192,"column":4},"end":{"line":205,"column":6}}},"fnMap":{"0":{"name":"(anonymous_0)","decl":{"start":{"line":15,"column":26},"end":{"line":15,"column":27}},"loc":{"start":{"line":15,"column":32},"end":{"line":206,"column":1}},"line":15},"1":{"name":"(anonymous_1)","decl":{"start":{"line":35,"column":27},"end":{"line":35,"column":28}},"loc":{"start":{"line":35,"column":39},"end":{"line":51,"column":5}},"line":35},"2":{"name":"(anonymous_2)","decl":{"start":{"line":57,"column":26},"end":{"line":57,"column":27}},"loc":{"start":{"line":57,"column":38},"end":{"line":72,"column":5}},"line":57},"3":{"name":"(anonymous_3)","decl":{"start":{"line":78,"column":24},"end":{"line":78,"column":25}},"loc":{"start":{"line":78,"column":47},"end":{"line":109,"column":5}},"line":78},"4":{"name":"(anonymous_4)","decl":{"start":{"line":115,"column":32},"end":{"line":115,"column":33}},"loc":{"start":{"line":115,"column":67},"end":{"line":179,"column":5}},"line":115}},"branchMap":{"0":{"loc":{"start":{"line":38,"column":12},"end":{"line":41,"column":13}},"type":"if","locations":[{"start":{"line":38,"column":12},"end":{"line":41,"column":13}},{"start":{},"end":{}}],"line":38},"1":{"loc":{"start":{"line":59,"column":8},"end":{"line":71,"column":9}},"type":"if","locations":[{"start":{"line":59,"column":8},"end":{"line":71,"column":9}},{"start":{},"end":{}}],"line":59},"2":{"loc":{"start":{"line":63,"column":12},"end":{"line":69,"column":13}},"type":"if","locations":[{"start":{"line":63,"column":12},"end":{"line":69,"column":13}},{"start":{"line":66,"column":19},"end":{"line":69,"column":13}}],"line":63},"3":{"loc":{"start":{"line":95,"column":46},"end":{"line":95,"column":62}},"type":"binary-expr","locations":[{"start":{"line":95,"column":46},"end":{"line":95,"column":56}},{"start":{"line":95,"column":60},"end":{"line":95,"column":62}}],"line":95},"4":{"loc":{"start":{"line":120,"column":16},"end":{"line":120,"column":35}},"type":"binary-expr","locations":[{"start":{"line":120,"column":16},"end":{"line":120,"column":29}},{"start":{"line":120,"column":33},"end":{"line":120,"column":35}}],"line":120},"5":{"loc":{"start":{"line":135,"column":12},"end":{"line":168,"column":13}},"type":"if","locations":[{"start":{"line":135,"column":12},"end":{"line":168,"column":13}},{"start":{"line":165,"column":19},"end":{"line":168,"column":13}}],"line":135},"6":{"loc":{"start":{"line":136,"column":16},"end":{"line":164,"column":17}},"type":"if","locations":[{"start":{"line":136,"column":16},"end":{"line":164,"column":17}},{"start":{"line":161,"column":23},"end":{"line":164,"column":17}}],"line":136},"7":{"loc":{"start":{"line":136,"column":20},"end":{"line":136,"column":83}},"type":"binary-expr","locations":[{"start":{"line":136,"column":20},"end":{"line":136,"column":44}},{"start":{"line":136,"column":48},"end":{"line":136,"column":83}}],"line":136},"8":{"loc":{"start":{"line":147,"column":20},"end":{"line":151,"column":21}},"type":"if","locations":[{"start":{"line":147,"column":20},"end":{"line":151,"column":21}},{"start":{"line":149,"column":27},"end":{"line":151,"column":21}}],"line":147},"9":{"loc":{"start":{"line":153,"column":20},"end":{"line":157,"column":21}},"type":"if","locations":[{"start":{"line":153,"column":20},"end":{"line":157,"column":21}},{"start":{"line":155,"column":27},"end":{"line":157,"column":21}}],"line":153},"10":{"loc":{"start":{"line":171,"column":12},"end":{"line":173,"column":13}},"type":"if","locations":[{"start":{"line":171,"column":12},"end":{"line":173,"column":13}},{"start":{},"end":{}}],"line":171}},"s":{"0":1,"1":33,"2":33,"3":33,"4":33,"5":33,"6":33,"7":33,"8":33,"9":33,"10":33,"11":33,"12":33,"13":33,"14":33,"15":4,"16":4,"17":0,"18":0,"19":4,"20":4,"21":4,"22":4,"23":0,"24":0,"25":33,"26":3,"27":3,"28":3,"29":3,"30":3,"31":3,"32":3,"33":0,"34":0,"35":3,"36":33,"37":3,"38":3,"39":3,"40":3,"41":3,"42":3,"43":3,"44":3,"45":3,"46":0,"47":0,"48":3,"49":33,"50":3,"51":3,"52":3,"53":2,"54":2,"55":2,"56":2,"57":2,"58":2,"59":2,"60":2,"61":2,"62":2,"63":2,"64":0,"65":2,"66":2,"67":0,"68":2,"69":2,"70":0,"71":0,"72":0,"73":0,"74":2,"75":0,"76":1,"77":1,"78":33},"f":{"0":33,"1":4,"2":3,"3":3,"4":3},"b":{"0":[0,4],"1":[3,0],"2":[3,0],"3":[3,3],"4":[3,3],"5":[2,0],"6":[2,0],"7":[2,2],"8":[0,2],"9":[0,2],"10":[0,2]},"_coverageSchema":"1a1c01bbd47fc00a2c39e90264f33305004495a9","hash":"b3334e5159b77e584251a0d8c5b3120040fd4303"}
}
