{"C:\\changi-new\\CHANGI_FRONTEND\\components\\side-navigation\\SideNavigationListItem.tsx": {"path":"C:\\changi-new\\CHANGI_FRONTEND\\components\\side-navigation\\SideNavigationListItem.tsx","statementMap":{"0":{"start":{"line":26,"column":47},"end":{"line":40,"column":1}},"1":{"start":{"line":27,"column":4},"end":{"line":29,"column":5}},"2":{"start":{"line":28,"column":8},"end":{"line":28,"column":31}},"3":{"start":{"line":31,"column":4},"end":{"line":33,"column":5}},"4":{"start":{"line":32,"column":8},"end":{"line":32,"column":33}},"5":{"start":{"line":35,"column":4},"end":{"line":37,"column":5}},"6":{"start":{"line":36,"column":8},"end":{"line":36,"column":34}},"7":{"start":{"line":39,"column":4},"end":{"line":39,"column":16}},"8":{"start":{"line":58,"column":4},"end":{"line":75,"column":6}},"9":{"start":{"line":79,"column":15},"end":{"line":131,"column":2}}},"fnMap":{"0":{"name":"(anonymous_0)","decl":{"start":{"line":26,"column":47},"end":{"line":26,"column":48}},"loc":{"start":{"line":26,"column":93},"end":{"line":40,"column":1}},"line":26},"1":{"name":"SideNavigationListItem","decl":{"start":{"line":56,"column":24},"end":{"line":56,"column":46}},"loc":{"start":{"line":56,"column":108},"end":{"line":76,"column":1}},"line":56}},"branchMap":{"0":{"loc":{"start":{"line":27,"column":4},"end":{"line":29,"column":5}},"type":"if","locations":[{"start":{"line":27,"column":4},"end":{"line":29,"column":5}},{"start":{},"end":{}}],"line":27},"1":{"loc":{"start":{"line":31,"column":4},"end":{"line":33,"column":5}},"type":"if","locations":[{"start":{"line":31,"column":4},"end":{"line":33,"column":5}},{"start":{},"end":{}}],"line":31},"2":{"loc":{"start":{"line":35,"column":4},"end":{"line":37,"column":5}},"type":"if","locations":[{"start":{"line":35,"column":4},"end":{"line":37,"column":5}},{"start":{},"end":{}}],"line":35}},"s":{"0":1,"1":6,"2":2,"3":4,"4":2,"5":2,"6":1,"7":1,"8":6,"9":1},"f":{"0":6,"1":6},"b":{"0":[2,4],"1":[2,2],"2":[1,1]},"_coverageSchema":"1a1c01bbd47fc00a2c39e90264f33305004495a9","hash":"5df6ddb1eb9d978674e2a7c14296e529e5dd9327"}
}
