TN:
SF:hooks\useAudioRecording.ts
FN:15,(anonymous_0)
FN:35,(anonymous_1)
FN:57,(anonymous_2)
FN:78,(anonymous_3)
FN:115,(anonymous_4)
FNF:5
FNH:5
FNDA:33,(anonymous_0)
FNDA:4,(anonymous_1)
FNDA:3,(anonymous_2)
FNDA:3,(anonymous_3)
FNDA:3,(anonymous_4)
DA:15,1
DA:17,33
DA:18,33
DA:19,33
DA:20,33
DA:21,33
DA:22,33
DA:23,33
DA:24,33
DA:25,33
DA:26,33
DA:27,33
DA:28,33
DA:29,33
DA:35,33
DA:36,4
DA:38,4
DA:39,0
DA:40,0
DA:42,4
DA:44,4
DA:45,4
DA:46,4
DA:48,0
DA:49,0
DA:57,33
DA:58,3
DA:59,3
DA:60,3
DA:61,3
DA:63,3
DA:64,3
DA:65,3
DA:67,0
DA:68,0
DA:70,3
DA:78,33
DA:79,3
DA:81,3
DA:88,3
DA:89,3
DA:91,3
DA:93,3
DA:95,3
DA:101,3
DA:102,3
DA:104,0
DA:105,0
DA:107,3
DA:115,33
DA:116,3
DA:118,3
DA:119,3
DA:132,2
DA:135,2
DA:136,2
DA:137,2
DA:138,2
DA:140,2
DA:141,2
DA:143,2
DA:144,2
DA:145,2
DA:147,2
DA:148,0
DA:150,2
DA:153,2
DA:154,0
DA:156,2
DA:160,2
DA:162,0
DA:163,0
DA:166,0
DA:167,0
DA:171,2
DA:172,0
DA:176,1
DA:177,1
DA:192,33
LF:79
LH:64
BRDA:38,0,0,0
BRDA:38,0,1,4
BRDA:59,1,0,3
BRDA:59,1,1,0
BRDA:63,2,0,3
BRDA:63,2,1,0
BRDA:95,3,0,3
BRDA:95,3,1,3
BRDA:120,4,0,3
BRDA:120,4,1,3
BRDA:135,5,0,2
BRDA:135,5,1,0
BRDA:136,6,0,2
BRDA:136,6,1,0
BRDA:136,7,0,2
BRDA:136,7,1,2
BRDA:147,8,0,0
BRDA:147,8,1,2
BRDA:153,9,0,0
BRDA:153,9,1,2
BRDA:171,10,0,0
BRDA:171,10,1,2
BRF:22
BRH:14
end_of_record
